<?xml version="1.0" encoding="UTF-8"?>
<testng-results ignored="0" total="4" passed="4" failed="0" skipped="0">
  <reporter-output>
  </reporter-output>
  <suite started-at="2024-09-16T15:22:53 IST" name="Suite" finished-at="2024-09-16T15:23:02 IST" duration-ms="8735">
    <groups>
    </groups>
    <test started-at="2024-09-16T15:22:53 IST" name="Test" finished-at="2024-09-16T15:23:02 IST" duration-ms="8735">
      <class name="api.test.UserTest2">
        <test-method is-config="true" signature="setupdata()[pri:0, instance:api.test.UserTest2@2f94c4db]" started-at="2024-09-16T15:22:53 IST" name="setupdata" finished-at="2024-09-16T15:22:53 IST" duration-ms="257" status="PASS">
          <reporter-output>
          </reporter-output>
        </test-method> <!-- setupdata -->
        <test-method signature="testPostuser()[pri:1, instance:api.test.UserTest2@2f94c4db]" started-at="2024-09-16T15:22:53 IST" name="testPostuser" finished-at="2024-09-16T15:22:57 IST" duration-ms="4144" status="PASS">
          <reporter-output>
          </reporter-output>
        </test-method> <!-- testPostuser -->
        <test-method signature="testgetusername()[pri:2, instance:api.test.UserTest2@2f94c4db]" started-at="2024-09-16T15:22:58 IST" name="testgetusername" finished-at="2024-09-16T15:22:59 IST" duration-ms="1028" status="PASS">
          <reporter-output>
          </reporter-output>
        </test-method> <!-- testgetusername -->
        <test-method signature="testPutuser()[pri:3, instance:api.test.UserTest2@2f94c4db]" started-at="2024-09-16T15:22:59 IST" name="testPutuser" finished-at="2024-09-16T15:23:01 IST" duration-ms="2023" status="PASS">
          <reporter-output>
          </reporter-output>
        </test-method> <!-- testPutuser -->
        <test-method signature="testdeleteusername()[pri:4, instance:api.test.UserTest2@2f94c4db]" started-at="2024-09-16T15:23:01 IST" name="testdeleteusername" finished-at="2024-09-16T15:23:02 IST" duration-ms="987" status="PASS">
          <reporter-output>
          </reporter-output>
        </test-method> <!-- testdeleteusername -->
      </class> <!-- api.test.UserTest2 -->
    </test> <!-- Test -->
  </suite> <!-- Suite -->
</testng-results>
