<?xml version="1.0" encoding="UTF-8"?>
<!-- Generated by org.testng.reporters.JUnitXMLReporter -->
<testsuite ignored="0" hostname="CIPL1593QA" failures="0" tests="4" name="Test" time="5.472" errors="0" timestamp="2024-09-12T16:15:52 IST">
  <testcase classname="com.http.PostUser" name="tes_createuser" time="3.922"/>
  <testcase classname="com.http.PutUser" name="post_test" time="0.564"/>
  <testcase classname="com.http.GETuser" name="test_get" time="0.496"/>
  <testcase classname="com.http.DeleteUser" name="test_deleteuser" time="0.399"/>
</testsuite> <!-- Test -->
