<?xml version="1.0" encoding="UTF-8"?>
<!-- Generated by org.testng.reporters.JUnitXMLReporter -->
<testsuite ignored="0" hostname="CIPL1593QA" failures="0" tests="4" name="Default test" time="7.68" errors="0" timestamp="2024-09-16T11:25:57 IST">
  <testcase classname="api.test.UserTest" name="testPostuser" time="3.326"/>
  <testcase classname="api.test.UserTest" name="testgetusername" time="1.024"/>
  <testcase classname="api.test.UserTest" name="testPutuser" time="1.973"/>
  <testcase classname="api.test.UserTest" name="testdeleteusername" time="1.008"/>
</testsuite> <!-- Default test -->
