<?xml version="1.0" encoding="UTF-8"?>
<!-- Generated by org.testng.reporters.JUnitXMLReporter -->
<testsuite ignored="0" hostname="CIPL1593QA" failures="0" tests="3" name="groupingtests" time="0.068" errors="0" timestamp="2024-08-14T12:48:46 IST">
  <testcase classname="grouping.Signuptest" name="signupemail" time="0.013"/>
  <testcase classname="grouping.Signuptest" name="signupfacebook" time="0.002"/>
  <testcase classname="grouping.Signuptest" name="signuptwitter" time="0.002"/>
</testsuite> <!-- groupingtests -->
