<?xml version="1.0" encoding="UTF-8"?>
<!-- Generated by org.testng.reporters.JUnitXMLReporter -->
<testsuite ignored="0" hostname="CIPL1593QA" failures="0" tests="3" name="edgeTest" time="18.622" errors="0" timestamp="2024-08-20T15:24:02 IST">
  <testcase classname="paraamtert.Paramterclass" name="testlogo" time="5.085"/>
  <testcase classname="paraamtert.Paramterclass" name="testtitle" time="3.044"/>
  <testcase classname="paraamtert.Paramterclass" name="testurl" time="0.026"/>
</testsuite> <!-- edgeTest -->
