<?xml version="1.0" encoding="UTF-8"?>
<testng-results ignored="0" total="1" passed="1" failed="0" skipped="0">
  <reporter-output>
  </reporter-output>
  <suite started-at="2024-08-09T11:42:35 IST" name="Suite" finished-at="2024-08-09T11:42:46 IST" duration-ms="11128">
    <groups>
    </groups>
    <test started-at="2024-08-09T11:42:35 IST" name="Test" finished-at="2024-08-09T11:42:46 IST" duration-ms="11128">
      <class name="com.pom.Logintest">
        <test-method is-config="true" signature="setup()[pri:0, instance:com.pom.Logintest@7161d8d1]" started-at="2024-08-09T11:42:35 IST" name="setup" finished-at="2024-08-09T11:42:41 IST" duration-ms="6040" status="PASS">
          <reporter-output>
          </reporter-output>
        </test-method> <!-- setup -->
        <test-method signature="testlogin()[pri:0, instance:com.pom.Logintest@7161d8d1]" started-at="2024-08-09T11:42:41 IST" name="testlogin" finished-at="2024-08-09T11:42:45 IST" duration-ms="4449" status="PASS">
          <reporter-output>
          </reporter-output>
        </test-method> <!-- testlogin -->
        <test-method is-config="true" signature="teardown()[pri:0, instance:com.pom.Logintest@7161d8d1]" started-at="2024-08-09T11:42:45 IST" name="teardown" finished-at="2024-08-09T11:42:46 IST" duration-ms="596" status="PASS">
          <reporter-output>
          </reporter-output>
        </test-method> <!-- teardown -->
      </class> <!-- com.pom.Logintest -->
    </test> <!-- Test -->
  </suite> <!-- Suite -->
</testng-results>
