<?xml version="1.0" encoding="UTF-8"?>
<testng-results ignored="0" total="1" passed="1" failed="0" skipped="0">
  <reporter-output>
  </reporter-output>
  <suite started-at="2024-08-13T12:48:47 IST" name="Default suite" finished-at="2024-08-13T12:48:47 IST" duration-ms="75">
    <groups>
    </groups>
    <test started-at="2024-08-13T12:48:47 IST" name="Default test" finished-at="2024-08-13T12:48:47 IST" duration-ms="75">
      <class name="com.first.Firstclasstest">
        <test-method is-config="true" signature="testing2()[pri:0, instance:com.first.Firstclasstest@7d4f9aae]" started-at="2024-08-13T12:48:47 IST" name="testing2" finished-at="2024-08-13T12:48:47 IST" duration-ms="10" status="PASS">
          <reporter-output>
          </reporter-output>
        </test-method> <!-- testing2 -->
        <test-method signature="testing1()[pri:0, instance:com.first.Firstclasstest@7d4f9aae]" started-at="2024-08-13T12:48:47 IST" name="testing1" finished-at="2024-08-13T12:48:47 IST" duration-ms="13" status="PASS">
          <reporter-output>
          </reporter-output>
        </test-method> <!-- testing1 -->
        <test-method is-config="true" signature="testing3()[pri:0, instance:com.first.Firstclasstest@7d4f9aae]" started-at="2024-08-13T12:48:47 IST" name="testing3" finished-at="2024-08-13T12:48:47 IST" duration-ms="0" status="PASS">
          <reporter-output>
          </reporter-output>
        </test-method> <!-- testing3 -->
      </class> <!-- com.first.Firstclasstest -->
    </test> <!-- Default test -->
  </suite> <!-- Default suite -->
</testng-results>
