<?xml version="1.0" encoding="UTF-8"?>
<testng-results ignored="0" total="4" passed="4" failed="0" skipped="0">
  <reporter-output>
  </reporter-output>
  <suite started-at="2024-09-12T19:09:50 IST" name="Suite" finished-at="2024-09-12T19:09:56 IST" duration-ms="5851">
    <groups>
    </groups>
    <test started-at="2024-09-12T19:09:50 IST" name="Test1" finished-at="2024-09-12T19:09:54 IST" duration-ms="3901">
      <class name="com.http.PostUser">
        <test-method signature="tes_createuser(org.testng.ITestContext)[pri:0, instance:com.http.PostUser@2d901eb0]" started-at="2024-09-12T19:09:50 IST" name="tes_createuser" finished-at="2024-09-12T19:09:54 IST" duration-ms="3834" status="PASS">
          <params>
            <param index="0">
              <value>
                <![CDATA[org.testng.TestRunner@35b74c5c]]>
              </value>
            </param>
          </params>
          <reporter-output>
          </reporter-output>
        </test-method> <!-- tes_createuser -->
      </class> <!-- com.http.PostUser -->
    </test> <!-- Test1 -->
    <test started-at="2024-09-12T19:09:54 IST" name="Test2" finished-at="2024-09-12T19:09:54 IST" duration-ms="489">
      <class name="com.http.GETuser">
        <test-method signature="test_get(org.testng.ITestContext)[pri:0, instance:com.http.GETuser@239a307b]" started-at="2024-09-12T19:09:54 IST" name="test_get" finished-at="2024-09-12T19:09:54 IST" duration-ms="482" status="PASS">
          <params>
            <param index="0">
              <value>
                <![CDATA[org.testng.TestRunner@6eded11a]]>
              </value>
            </param>
          </params>
          <reporter-output>
          </reporter-output>
        </test-method> <!-- test_get -->
      </class> <!-- com.http.GETuser -->
    </test> <!-- Test2 -->
    <test started-at="2024-09-12T19:09:54 IST" name="Test3" finished-at="2024-09-12T19:09:55 IST" duration-ms="603">
      <class name="com.http.PutUser">
        <test-method signature="post_test(org.testng.ITestContext)[pri:0, instance:com.http.PutUser@2de56eb2]" started-at="2024-09-12T19:09:54 IST" name="post_test" finished-at="2024-09-12T19:09:55 IST" duration-ms="598" status="PASS">
          <params>
            <param index="0">
              <value>
                <![CDATA[org.testng.TestRunner@1b732dd]]>
              </value>
            </param>
          </params>
          <reporter-output>
          </reporter-output>
        </test-method> <!-- post_test -->
      </class> <!-- com.http.PutUser -->
    </test> <!-- Test3 -->
    <test started-at="2024-09-12T19:09:55 IST" name="Test4" finished-at="2024-09-12T19:09:56 IST" duration-ms="719">
      <class name="com.http.DeleteUser">
        <test-method signature="test_deleteuser(org.testng.ITestContext)[pri:0, instance:com.http.DeleteUser@17bffc17]" started-at="2024-09-12T19:09:55 IST" name="test_deleteuser" finished-at="2024-09-12T19:09:56 IST" duration-ms="709" status="PASS">
          <params>
            <param index="0">
              <value>
                <![CDATA[org.testng.TestRunner@4bb644dc]]>
              </value>
            </param>
          </params>
          <reporter-output>
          </reporter-output>
        </test-method> <!-- test_deleteuser -->
      </class> <!-- com.http.DeleteUser -->
    </test> <!-- Test4 -->
  </suite> <!-- Suite -->
</testng-results>
